<?xml version="1.0" encoding="UTF-8"?>
<testng-results skipped="0" failed="0" ignored="0" total="1" passed="1">
  <reporter-output>
  </reporter-output>
  <suite name="Default suite" duration-ms="59" started-at="2018-10-26T01:09:22Z" finished-at="2018-10-26T01:09:22Z">
    <groups>
    </groups>
    <test name="Default test" duration-ms="59" started-at="2018-10-26T01:09:22Z" finished-at="2018-10-26T01:09:22Z">
      <class name="com.manipal.test.BaseTest">
        <test-method status="PASS" signature="test()[pri:0, instance:com.manipal.test.BaseTest@29ee9faa]" name="test" duration-ms="24" started-at="2018-10-26T01:09:22Z" finished-at="2018-10-26T01:09:22Z">
          <reporter-output>
          </reporter-output>
        </test-method> <!-- test -->
      </class> <!-- com.manipal.test.BaseTest -->
    </test> <!-- Default test -->
  </suite> <!-- Default suite -->
</testng-results>
